<?xml version="1.0" encoding="UTF-8"?>
<testng-results ignored="0" total="5" passed="5" failed="0" skipped="0">
  <reporter-output>
  </reporter-output>
  <suite started-at="2024-11-12T20:32:19 IST" name="Default suite" finished-at="2024-11-12T20:32:20 IST" duration-ms="160">
    <groups>
    </groups>
    <test started-at="2024-11-12T20:32:19 IST" name="Default test" finished-at="2024-11-12T20:32:20 IST" duration-ms="160">
      <class name="com.selenium.priority.FlightBookingTest">
        <test-method signature="SigninToApp()[pri:1, instance:com.selenium.priority.FlightBookingTest@393671df]" started-at="2024-11-12T20:32:20 IST" name="SigninToApp" finished-at="2024-11-12T20:32:20 IST" duration-ms="21" status="PASS">
          <reporter-output>
          </reporter-output>
        </test-method> <!-- SigninToApp -->
        <test-method signature="LoginintoApp()[pri:2, instance:com.selenium.priority.FlightBookingTest@393671df]" started-at="2024-11-12T20:32:20 IST" name="LoginintoApp" finished-at="2024-11-12T20:32:20 IST" duration-ms="3" status="PASS">
          <reporter-output>
          </reporter-output>
        </test-method> <!-- LoginintoApp -->
        <test-method signature="SearchtheFlight()[pri:3, instance:com.selenium.priority.FlightBookingTest@393671df]" started-at="2024-11-12T20:32:20 IST" name="SearchtheFlight" finished-at="2024-11-12T20:32:20 IST" duration-ms="6" status="PASS">
          <reporter-output>
          </reporter-output>
        </test-method> <!-- SearchtheFlight -->
        <test-method signature="BooktheFlight()[pri:4, instance:com.selenium.priority.FlightBookingTest@393671df]" started-at="2024-11-12T20:32:20 IST" name="BooktheFlight" finished-at="2024-11-12T20:32:20 IST" duration-ms="5" status="PASS">
          <reporter-output>
          </reporter-output>
        </test-method> <!-- BooktheFlight -->
        <test-method signature="LogoutFromApp()[pri:5, instance:com.selenium.priority.FlightBookingTest@393671df]" started-at="2024-11-12T20:32:20 IST" name="LogoutFromApp" finished-at="2024-11-12T20:32:20 IST" duration-ms="9" status="PASS">
          <reporter-output>
          </reporter-output>
        </test-method> <!-- LogoutFromApp -->
      </class> <!-- com.selenium.priority.FlightBookingTest -->
    </test> <!-- Default test -->
  </suite> <!-- Default suite -->
</testng-results>
