<?xml version="1.0" encoding="UTF-8"?>
<!-- Generated by org.testng.reporters.JUnitXMLReporter -->
<testsuite ignored="0" hostname="DESKTOP-RP9HD9E" failures="0" tests="5" name="FlightBookingTest" time="0.113" errors="0" timestamp="2023-09-24T18:47:03 IST">
  <testcase classname="com.selenium.priority.FlightBookingTest" name="BooktheFlight" time="0.003"/>
  <testcase classname="com.selenium.priority.FlightBookingTest" name="LoginintoApp" time="0.014"/>
  <testcase classname="com.selenium.priority.FlightBookingTest" name="LogoutFromApp" time="0.004"/>
  <testcase classname="com.selenium.priority.FlightBookingTest" name="SearchtheFlight" time="0.004"/>
  <testcase classname="com.selenium.priority.FlightBookingTest" name="SigninToApp" time="0.003"/>
</testsuite> <!-- FlightBookingTest -->
