<?xml version="1.0" encoding="UTF-8"?>
<!-- Generated by org.testng.reporters.JUnitXMLReporter -->
<testsuite ignored="6" hostname="DESKTOP-RP9HD9E" failures="0" tests="3" name="groupsexample" time="0.081" errors="0" timestamp="2023-09-24T18:47:03 IST">
  <testcase classname="com.selenium.test.GroupExample" name="chrome" time="0.004"/>
  <testcase classname="com.selenium.test.GroupExample" name="firefox" time="0.012"/>
  <testcase classname="com.selenium.test.GroupExample" name="edge" time="0.005"/>
  <testcase classname="com.selenium.test.GroupExample" name="MongoDB" time="0.0">
    <ignored/>
  </testcase> <!-- MongoDB -->
  <testcase classname="com.selenium.test.GroupExample" name="Yahoo" time="0.0">
    <ignored/>
  </testcase> <!-- Yahoo -->
  <testcase classname="com.selenium.test.GroupExample" name="MySQL" time="0.0">
    <ignored/>
  </testcase> <!-- MySQL -->
  <testcase classname="com.selenium.test.GroupExample" name="Google" time="0.0">
    <ignored/>
  </testcase> <!-- Google -->
  <testcase classname="com.selenium.test.GroupExample" name="Bing" time="0.0">
    <ignored/>
  </testcase> <!-- Bing -->
  <testcase classname="com.selenium.test.GroupExample" name="oracle" time="0.0">
    <ignored/>
  </testcase> <!-- oracle -->
</testsuite> <!-- groupsexample -->
