<?xml version="1.0" encoding="UTF-8"?>
<!-- Generated by org.testng.reporters.JUnitXMLReporter -->
<testsuite ignored="2" hostname="DESKTOP-RP9HD9E" failures="0" tests="1" name="RegExample" time="0.018" errors="0" timestamp="2023-09-24T18:47:03 IST">
  <testcase classname="com.selenium.test.RegExample" name="UnlockbyHandCarDoor" time="0.009"/>
  <testcase classname="com.selenium.test.RegExample" name="DoorUnlockBySmartKey" time="0.0">
    <ignored/>
  </testcase> <!-- DoorUnlockBySmartKey -->
  <testcase classname="com.selenium.test.RegExample" name="DoorUnlockByManualKey" time="0.0">
    <ignored/>
  </testcase> <!-- DoorUnlockByManualKey -->
</testsuite> <!-- RegExample -->
