<?xml version="1.0" encoding="UTF-8"?>
<!-- Generated by org.testng.reporters.JUnitXMLReporter -->
<testsuite ignored="0" hostname="DESKTOP-RP9HD9E" failures="0" tests="5" name="Test" time="0.317" errors="0" timestamp="2023-09-24T18:47:03 IST">
  <testcase classname="com.selenium.test.TestngDemo" name="testmethod" time="0.015"/>
  <testcase classname="com.selenium.test.TestngDemo" name="testmethod2" time="0.007"/>
  <testcase classname="com.selenium.calc.addparam" name="addnum" time="0.009"/>
  <testcase classname="com.selenium.calc.subtractparam" name="subtract" time="0.006"/>
  <testcase classname="com.selenium.calc.multipleparam" name="Multiple" time="0.054"/>
</testsuite> <!-- Test -->
